

Started GET "/" for 127.0.0.1 at 2017-06-30 10:33:51 +0200
Processing by Rails::WelcomeController#index as HTML
  Rendered vendor/bundle/ruby/2.1.0/gems/railties-4.1.5/lib/rails/templates/rails/welcome/index.html.erb (2.7ms)
Completed 200 OK in 39ms (Views: 31.3ms | ActiveRecord: 0.0ms)
  [1m[36m (20.5ms)[0m  [1mCREATE TABLE "schema_migrations" ("version" varchar(255) NOT NULL) [0m
  [1m[35m (0.1ms)[0m  select sqlite_version(*)
  [1m[36m (26.3ms)[0m  [1mCREATE UNIQUE INDEX "unique_schema_migrations" ON "schema_migrations" ("version")[0m
  [1m[35mActiveRecord::SchemaMigration Load (3.5ms)[0m  SELECT "schema_migrations".* FROM "schema_migrations"


Started GET "/" for 127.0.0.1 at 2017-06-30 10:57:08 +0200
Processing by Rails::WelcomeController#index as HTML
  Rendered vendor/bundle/ruby/2.1.0/gems/railties-4.1.5/lib/rails/templates/rails/welcome/index.html.erb (4.9ms)
Completed 200 OK in 32ms (Views: 24.0ms | ActiveRecord: 0.0ms)


Started GET "/" for 127.0.0.1 at 2017-06-30 11:26:34 +0200
Processing by Rails::WelcomeController#index as HTML
  Rendered vendor/bundle/ruby/2.1.0/gems/railties-4.1.5/lib/rails/templates/rails/welcome/index.html.erb (3.3ms)
Completed 200 OK in 30ms (Views: 19.3ms | ActiveRecord: 0.0ms)


Started GET "/blogs" for 127.0.0.1 at 2017-06-30 11:26:38 +0200

ActionController::RoutingError (uninitialized constant BlogsController):
  vendor/bundle/ruby/2.1.0/gems/activesupport-4.1.5/lib/active_support/inflector/methods.rb:238:in `const_get'
  vendor/bundle/ruby/2.1.0/gems/activesupport-4.1.5/lib/active_support/inflector/methods.rb:238:in `block in constantize'
  vendor/bundle/ruby/2.1.0/gems/activesupport-4.1.5/lib/active_support/inflector/methods.rb:236:in `each'
  vendor/bundle/ruby/2.1.0/gems/activesupport-4.1.5/lib/active_support/inflector/methods.rb:236:in `inject'
  vendor/bundle/ruby/2.1.0/gems/activesupport-4.1.5/lib/active_support/inflector/methods.rb:236:in `constantize'
  vendor/bundle/ruby/2.1.0/gems/actionpack-4.1.5/lib/action_dispatch/routing/route_set.rb:78:in `controller_reference'
  vendor/bundle/ruby/2.1.0/gems/actionpack-4.1.5/lib/action_dispatch/routing/route_set.rb:68:in `controller'
  vendor/bundle/ruby/2.1.0/gems/actionpack-4.1.5/lib/action_dispatch/routing/route_set.rb:46:in `call'
  vendor/bundle/ruby/2.1.0/gems/actionpack-4.1.5/lib/action_dispatch/journey/router.rb:71:in `block in call'
  vendor/bundle/ruby/2.1.0/gems/actionpack-4.1.5/lib/action_dispatch/journey/router.rb:59:in `each'
  vendor/bundle/ruby/2.1.0/gems/actionpack-4.1.5/lib/action_dispatch/journey/router.rb:59:in `call'
  vendor/bundle/ruby/2.1.0/gems/actionpack-4.1.5/lib/action_dispatch/routing/route_set.rb:678:in `call'
  vendor/bundle/ruby/2.1.0/gems/rack-1.5.5/lib/rack/etag.rb:23:in `call'
  vendor/bundle/ruby/2.1.0/gems/rack-1.5.5/lib/rack/conditionalget.rb:25:in `call'
  vendor/bundle/ruby/2.1.0/gems/rack-1.5.5/lib/rack/head.rb:11:in `call'
  vendor/bundle/ruby/2.1.0/gems/actionpack-4.1.5/lib/action_dispatch/middleware/params_parser.rb:27:in `call'
  vendor/bundle/ruby/2.1.0/gems/actionpack-4.1.5/lib/action_dispatch/middleware/flash.rb:254:in `call'
  vendor/bundle/ruby/2.1.0/gems/rack-1.5.5/lib/rack/session/abstract/id.rb:225:in `context'
  vendor/bundle/ruby/2.1.0/gems/rack-1.5.5/lib/rack/session/abstract/id.rb:220:in `call'
  vendor/bundle/ruby/2.1.0/gems/actionpack-4.1.5/lib/action_dispatch/middleware/cookies.rb:560:in `call'
  vendor/bundle/ruby/2.1.0/gems/activerecord-4.1.5/lib/active_record/query_cache.rb:36:in `call'
  vendor/bundle/ruby/2.1.0/gems/activerecord-4.1.5/lib/active_record/connection_adapters/abstract/connection_pool.rb:621:in `call'
  vendor/bundle/ruby/2.1.0/gems/activerecord-4.1.5/lib/active_record/migration.rb:380:in `call'
  vendor/bundle/ruby/2.1.0/gems/actionpack-4.1.5/lib/action_dispatch/middleware/callbacks.rb:29:in `block in call'
  vendor/bundle/ruby/2.1.0/gems/activesupport-4.1.5/lib/active_support/callbacks.rb:82:in `run_callbacks'
  vendor/bundle/ruby/2.1.0/gems/actionpack-4.1.5/lib/action_dispatch/middleware/callbacks.rb:27:in `call'
  vendor/bundle/ruby/2.1.0/gems/actionpack-4.1.5/lib/action_dispatch/middleware/reloader.rb:73:in `call'
  vendor/bundle/ruby/2.1.0/gems/actionpack-4.1.5/lib/action_dispatch/middleware/remote_ip.rb:76:in `call'
  vendor/bundle/ruby/2.1.0/gems/actionpack-4.1.5/lib/action_dispatch/middleware/debug_exceptions.rb:17:in `call'
  vendor/bundle/ruby/2.1.0/gems/actionpack-4.1.5/lib/action_dispatch/middleware/show_exceptions.rb:30:in `call'
  vendor/bundle/ruby/2.1.0/gems/railties-4.1.5/lib/rails/rack/logger.rb:38:in `call_app'
  vendor/bundle/ruby/2.1.0/gems/railties-4.1.5/lib/rails/rack/logger.rb:20:in `block in call'
  vendor/bundle/ruby/2.1.0/gems/activesupport-4.1.5/lib/active_support/tagged_logging.rb:68:in `block in tagged'
  vendor/bundle/ruby/2.1.0/gems/activesupport-4.1.5/lib/active_support/tagged_logging.rb:26:in `tagged'
  vendor/bundle/ruby/2.1.0/gems/activesupport-4.1.5/lib/active_support/tagged_logging.rb:68:in `tagged'
  vendor/bundle/ruby/2.1.0/gems/railties-4.1.5/lib/rails/rack/logger.rb:20:in `call'
  vendor/bundle/ruby/2.1.0/gems/actionpack-4.1.5/lib/action_dispatch/middleware/request_id.rb:21:in `call'
  vendor/bundle/ruby/2.1.0/gems/rack-1.5.5/lib/rack/methodoverride.rb:21:in `call'
  vendor/bundle/ruby/2.1.0/gems/rack-1.5.5/lib/rack/runtime.rb:17:in `call'
  vendor/bundle/ruby/2.1.0/gems/activesupport-4.1.5/lib/active_support/cache/strategy/local_cache_middleware.rb:26:in `call'
  vendor/bundle/ruby/2.1.0/gems/rack-1.5.5/lib/rack/lock.rb:17:in `call'
  vendor/bundle/ruby/2.1.0/gems/actionpack-4.1.5/lib/action_dispatch/middleware/static.rb:64:in `call'
  vendor/bundle/ruby/2.1.0/gems/rack-1.5.5/lib/rack/sendfile.rb:112:in `call'
  vendor/bundle/ruby/2.1.0/gems/railties-4.1.5/lib/rails/engine.rb:514:in `call'
  vendor/bundle/ruby/2.1.0/gems/railties-4.1.5/lib/rails/application.rb:144:in `call'
  vendor/bundle/ruby/2.1.0/gems/rack-1.5.5/lib/rack/lock.rb:17:in `call'
  vendor/bundle/ruby/2.1.0/gems/rack-1.5.5/lib/rack/content_length.rb:14:in `call'
  vendor/bundle/ruby/2.1.0/gems/rack-1.5.5/lib/rack/handler/webrick.rb:60:in `service'
  /usr/lib/ruby/2.1.0/webrick/httpserver.rb:138:in `service'
  /usr/lib/ruby/2.1.0/webrick/httpserver.rb:94:in `run'
  /usr/lib/ruby/2.1.0/webrick/server.rb:295:in `block in start_thread'


  Rendered vendor/bundle/ruby/2.1.0/gems/actionpack-4.1.5/lib/action_dispatch/middleware/templates/rescues/_trace.html.erb (1.0ms)
  Rendered vendor/bundle/ruby/2.1.0/gems/actionpack-4.1.5/lib/action_dispatch/middleware/templates/routes/_route.html.erb (0.9ms)
  Rendered vendor/bundle/ruby/2.1.0/gems/actionpack-4.1.5/lib/action_dispatch/middleware/templates/routes/_table.html.erb (12.7ms)
  Rendered vendor/bundle/ruby/2.1.0/gems/actionpack-4.1.5/lib/action_dispatch/middleware/templates/rescues/routing_error.html.erb within rescues/layout (516.5ms)


Started GET "/blogs" for 127.0.0.1 at 2017-06-30 11:27:50 +0200

ActionController::RoutingError (uninitialized constant BlogsController):
  vendor/bundle/ruby/2.1.0/gems/activesupport-4.1.5/lib/active_support/inflector/methods.rb:238:in `const_get'
  vendor/bundle/ruby/2.1.0/gems/activesupport-4.1.5/lib/active_support/inflector/methods.rb:238:in `block in constantize'
  vendor/bundle/ruby/2.1.0/gems/activesupport-4.1.5/lib/active_support/inflector/methods.rb:236:in `each'
  vendor/bundle/ruby/2.1.0/gems/activesupport-4.1.5/lib/active_support/inflector/methods.rb:236:in `inject'
  vendor/bundle/ruby/2.1.0/gems/activesupport-4.1.5/lib/active_support/inflector/methods.rb:236:in `constantize'
  vendor/bundle/ruby/2.1.0/gems/actionpack-4.1.5/lib/action_dispatch/routing/route_set.rb:78:in `controller_reference'
  vendor/bundle/ruby/2.1.0/gems/actionpack-4.1.5/lib/action_dispatch/routing/route_set.rb:68:in `controller'
  vendor/bundle/ruby/2.1.0/gems/actionpack-4.1.5/lib/action_dispatch/routing/route_set.rb:46:in `call'
  vendor/bundle/ruby/2.1.0/gems/actionpack-4.1.5/lib/action_dispatch/journey/router.rb:71:in `block in call'
  vendor/bundle/ruby/2.1.0/gems/actionpack-4.1.5/lib/action_dispatch/journey/router.rb:59:in `each'
  vendor/bundle/ruby/2.1.0/gems/actionpack-4.1.5/lib/action_dispatch/journey/router.rb:59:in `call'
  vendor/bundle/ruby/2.1.0/gems/actionpack-4.1.5/lib/action_dispatch/routing/route_set.rb:678:in `call'
  vendor/bundle/ruby/2.1.0/gems/rack-1.5.5/lib/rack/etag.rb:23:in `call'
  vendor/bundle/ruby/2.1.0/gems/rack-1.5.5/lib/rack/conditionalget.rb:25:in `call'
  vendor/bundle/ruby/2.1.0/gems/rack-1.5.5/lib/rack/head.rb:11:in `call'
  vendor/bundle/ruby/2.1.0/gems/actionpack-4.1.5/lib/action_dispatch/middleware/params_parser.rb:27:in `call'
  vendor/bundle/ruby/2.1.0/gems/actionpack-4.1.5/lib/action_dispatch/middleware/flash.rb:254:in `call'
  vendor/bundle/ruby/2.1.0/gems/rack-1.5.5/lib/rack/session/abstract/id.rb:225:in `context'
  vendor/bundle/ruby/2.1.0/gems/rack-1.5.5/lib/rack/session/abstract/id.rb:220:in `call'
  vendor/bundle/ruby/2.1.0/gems/actionpack-4.1.5/lib/action_dispatch/middleware/cookies.rb:560:in `call'
  vendor/bundle/ruby/2.1.0/gems/activerecord-4.1.5/lib/active_record/query_cache.rb:36:in `call'
  vendor/bundle/ruby/2.1.0/gems/activerecord-4.1.5/lib/active_record/connection_adapters/abstract/connection_pool.rb:621:in `call'
  vendor/bundle/ruby/2.1.0/gems/activerecord-4.1.5/lib/active_record/migration.rb:380:in `call'
  vendor/bundle/ruby/2.1.0/gems/actionpack-4.1.5/lib/action_dispatch/middleware/callbacks.rb:29:in `block in call'
  vendor/bundle/ruby/2.1.0/gems/activesupport-4.1.5/lib/active_support/callbacks.rb:82:in `run_callbacks'
  vendor/bundle/ruby/2.1.0/gems/actionpack-4.1.5/lib/action_dispatch/middleware/callbacks.rb:27:in `call'
  vendor/bundle/ruby/2.1.0/gems/actionpack-4.1.5/lib/action_dispatch/middleware/reloader.rb:73:in `call'
  vendor/bundle/ruby/2.1.0/gems/actionpack-4.1.5/lib/action_dispatch/middleware/remote_ip.rb:76:in `call'
  vendor/bundle/ruby/2.1.0/gems/actionpack-4.1.5/lib/action_dispatch/middleware/debug_exceptions.rb:17:in `call'
  vendor/bundle/ruby/2.1.0/gems/actionpack-4.1.5/lib/action_dispatch/middleware/show_exceptions.rb:30:in `call'
  vendor/bundle/ruby/2.1.0/gems/railties-4.1.5/lib/rails/rack/logger.rb:38:in `call_app'
  vendor/bundle/ruby/2.1.0/gems/railties-4.1.5/lib/rails/rack/logger.rb:20:in `block in call'
  vendor/bundle/ruby/2.1.0/gems/activesupport-4.1.5/lib/active_support/tagged_logging.rb:68:in `block in tagged'
  vendor/bundle/ruby/2.1.0/gems/activesupport-4.1.5/lib/active_support/tagged_logging.rb:26:in `tagged'
  vendor/bundle/ruby/2.1.0/gems/activesupport-4.1.5/lib/active_support/tagged_logging.rb:68:in `tagged'
  vendor/bundle/ruby/2.1.0/gems/railties-4.1.5/lib/rails/rack/logger.rb:20:in `call'
  vendor/bundle/ruby/2.1.0/gems/actionpack-4.1.5/lib/action_dispatch/middleware/request_id.rb:21:in `call'
  vendor/bundle/ruby/2.1.0/gems/rack-1.5.5/lib/rack/methodoverride.rb:21:in `call'
  vendor/bundle/ruby/2.1.0/gems/rack-1.5.5/lib/rack/runtime.rb:17:in `call'
  vendor/bundle/ruby/2.1.0/gems/activesupport-4.1.5/lib/active_support/cache/strategy/local_cache_middleware.rb:26:in `call'
  vendor/bundle/ruby/2.1.0/gems/rack-1.5.5/lib/rack/lock.rb:17:in `call'
  vendor/bundle/ruby/2.1.0/gems/actionpack-4.1.5/lib/action_dispatch/middleware/static.rb:64:in `call'
  vendor/bundle/ruby/2.1.0/gems/rack-1.5.5/lib/rack/sendfile.rb:112:in `call'
  vendor/bundle/ruby/2.1.0/gems/railties-4.1.5/lib/rails/engine.rb:514:in `call'
  vendor/bundle/ruby/2.1.0/gems/railties-4.1.5/lib/rails/application.rb:144:in `call'
  vendor/bundle/ruby/2.1.0/gems/rack-1.5.5/lib/rack/lock.rb:17:in `call'
  vendor/bundle/ruby/2.1.0/gems/rack-1.5.5/lib/rack/content_length.rb:14:in `call'
  vendor/bundle/ruby/2.1.0/gems/rack-1.5.5/lib/rack/handler/webrick.rb:60:in `service'
  /usr/lib/ruby/2.1.0/webrick/httpserver.rb:138:in `service'
  /usr/lib/ruby/2.1.0/webrick/httpserver.rb:94:in `run'
  /usr/lib/ruby/2.1.0/webrick/server.rb:295:in `block in start_thread'


  Rendered vendor/bundle/ruby/2.1.0/gems/actionpack-4.1.5/lib/action_dispatch/middleware/templates/rescues/_trace.html.erb (0.9ms)
  Rendered vendor/bundle/ruby/2.1.0/gems/actionpack-4.1.5/lib/action_dispatch/middleware/templates/routes/_route.html.erb (0.9ms)
  Rendered vendor/bundle/ruby/2.1.0/gems/actionpack-4.1.5/lib/action_dispatch/middleware/templates/routes/_table.html.erb (0.7ms)
  Rendered vendor/bundle/ruby/2.1.0/gems/actionpack-4.1.5/lib/action_dispatch/middleware/templates/rescues/routing_error.html.erb within rescues/layout (26.6ms)


Started GET "/blogs" for 127.0.0.1 at 2017-06-30 11:27:52 +0200

ActionController::RoutingError (uninitialized constant BlogsController):
  vendor/bundle/ruby/2.1.0/gems/activesupport-4.1.5/lib/active_support/inflector/methods.rb:238:in `const_get'
  vendor/bundle/ruby/2.1.0/gems/activesupport-4.1.5/lib/active_support/inflector/methods.rb:238:in `block in constantize'
  vendor/bundle/ruby/2.1.0/gems/activesupport-4.1.5/lib/active_support/inflector/methods.rb:236:in `each'
  vendor/bundle/ruby/2.1.0/gems/activesupport-4.1.5/lib/active_support/inflector/methods.rb:236:in `inject'
  vendor/bundle/ruby/2.1.0/gems/activesupport-4.1.5/lib/active_support/inflector/methods.rb:236:in `constantize'
  vendor/bundle/ruby/2.1.0/gems/actionpack-4.1.5/lib/action_dispatch/routing/route_set.rb:78:in `controller_reference'
  vendor/bundle/ruby/2.1.0/gems/actionpack-4.1.5/lib/action_dispatch/routing/route_set.rb:68:in `controller'
  vendor/bundle/ruby/2.1.0/gems/actionpack-4.1.5/lib/action_dispatch/routing/route_set.rb:46:in `call'
  vendor/bundle/ruby/2.1.0/gems/actionpack-4.1.5/lib/action_dispatch/journey/router.rb:71:in `block in call'
  vendor/bundle/ruby/2.1.0/gems/actionpack-4.1.5/lib/action_dispatch/journey/router.rb:59:in `each'
  vendor/bundle/ruby/2.1.0/gems/actionpack-4.1.5/lib/action_dispatch/journey/router.rb:59:in `call'
  vendor/bundle/ruby/2.1.0/gems/actionpack-4.1.5/lib/action_dispatch/routing/route_set.rb:678:in `call'
  vendor/bundle/ruby/2.1.0/gems/rack-1.5.5/lib/rack/etag.rb:23:in `call'
  vendor/bundle/ruby/2.1.0/gems/rack-1.5.5/lib/rack/conditionalget.rb:25:in `call'
  vendor/bundle/ruby/2.1.0/gems/rack-1.5.5/lib/rack/head.rb:11:in `call'
  vendor/bundle/ruby/2.1.0/gems/actionpack-4.1.5/lib/action_dispatch/middleware/params_parser.rb:27:in `call'
  vendor/bundle/ruby/2.1.0/gems/actionpack-4.1.5/lib/action_dispatch/middleware/flash.rb:254:in `call'
  vendor/bundle/ruby/2.1.0/gems/rack-1.5.5/lib/rack/session/abstract/id.rb:225:in `context'
  vendor/bundle/ruby/2.1.0/gems/rack-1.5.5/lib/rack/session/abstract/id.rb:220:in `call'
  vendor/bundle/ruby/2.1.0/gems/actionpack-4.1.5/lib/action_dispatch/middleware/cookies.rb:560:in `call'
  vendor/bundle/ruby/2.1.0/gems/activerecord-4.1.5/lib/active_record/query_cache.rb:36:in `call'
  vendor/bundle/ruby/2.1.0/gems/activerecord-4.1.5/lib/active_record/connection_adapters/abstract/connection_pool.rb:621:in `call'
  vendor/bundle/ruby/2.1.0/gems/activerecord-4.1.5/lib/active_record/migration.rb:380:in `call'
  vendor/bundle/ruby/2.1.0/gems/actionpack-4.1.5/lib/action_dispatch/middleware/callbacks.rb:29:in `block in call'
  vendor/bundle/ruby/2.1.0/gems/activesupport-4.1.5/lib/active_support/callbacks.rb:82:in `run_callbacks'
  vendor/bundle/ruby/2.1.0/gems/actionpack-4.1.5/lib/action_dispatch/middleware/callbacks.rb:27:in `call'
  vendor/bundle/ruby/2.1.0/gems/actionpack-4.1.5/lib/action_dispatch/middleware/reloader.rb:73:in `call'
  vendor/bundle/ruby/2.1.0/gems/actionpack-4.1.5/lib/action_dispatch/middleware/remote_ip.rb:76:in `call'
  vendor/bundle/ruby/2.1.0/gems/actionpack-4.1.5/lib/action_dispatch/middleware/debug_exceptions.rb:17:in `call'
  vendor/bundle/ruby/2.1.0/gems/actionpack-4.1.5/lib/action_dispatch/middleware/show_exceptions.rb:30:in `call'
  vendor/bundle/ruby/2.1.0/gems/railties-4.1.5/lib/rails/rack/logger.rb:38:in `call_app'
  vendor/bundle/ruby/2.1.0/gems/railties-4.1.5/lib/rails/rack/logger.rb:20:in `block in call'
  vendor/bundle/ruby/2.1.0/gems/activesupport-4.1.5/lib/active_support/tagged_logging.rb:68:in `block in tagged'
  vendor/bundle/ruby/2.1.0/gems/activesupport-4.1.5/lib/active_support/tagged_logging.rb:26:in `tagged'
  vendor/bundle/ruby/2.1.0/gems/activesupport-4.1.5/lib/active_support/tagged_logging.rb:68:in `tagged'
  vendor/bundle/ruby/2.1.0/gems/railties-4.1.5/lib/rails/rack/logger.rb:20:in `call'
  vendor/bundle/ruby/2.1.0/gems/actionpack-4.1.5/lib/action_dispatch/middleware/request_id.rb:21:in `call'
  vendor/bundle/ruby/2.1.0/gems/rack-1.5.5/lib/rack/methodoverride.rb:21:in `call'
  vendor/bundle/ruby/2.1.0/gems/rack-1.5.5/lib/rack/runtime.rb:17:in `call'
  vendor/bundle/ruby/2.1.0/gems/activesupport-4.1.5/lib/active_support/cache/strategy/local_cache_middleware.rb:26:in `call'
  vendor/bundle/ruby/2.1.0/gems/rack-1.5.5/lib/rack/lock.rb:17:in `call'
  vendor/bundle/ruby/2.1.0/gems/actionpack-4.1.5/lib/action_dispatch/middleware/static.rb:64:in `call'
  vendor/bundle/ruby/2.1.0/gems/rack-1.5.5/lib/rack/sendfile.rb:112:in `call'
  vendor/bundle/ruby/2.1.0/gems/railties-4.1.5/lib/rails/engine.rb:514:in `call'
  vendor/bundle/ruby/2.1.0/gems/railties-4.1.5/lib/rails/application.rb:144:in `call'
  vendor/bundle/ruby/2.1.0/gems/rack-1.5.5/lib/rack/lock.rb:17:in `call'
  vendor/bundle/ruby/2.1.0/gems/rack-1.5.5/lib/rack/content_length.rb:14:in `call'
  vendor/bundle/ruby/2.1.0/gems/rack-1.5.5/lib/rack/handler/webrick.rb:60:in `service'
  /usr/lib/ruby/2.1.0/webrick/httpserver.rb:138:in `service'
  /usr/lib/ruby/2.1.0/webrick/httpserver.rb:94:in `run'
  /usr/lib/ruby/2.1.0/webrick/server.rb:295:in `block in start_thread'


  Rendered vendor/bundle/ruby/2.1.0/gems/actionpack-4.1.5/lib/action_dispatch/middleware/templates/rescues/_trace.html.erb (0.8ms)
  Rendered vendor/bundle/ruby/2.1.0/gems/actionpack-4.1.5/lib/action_dispatch/middleware/templates/routes/_route.html.erb (0.9ms)
  Rendered vendor/bundle/ruby/2.1.0/gems/actionpack-4.1.5/lib/action_dispatch/middleware/templates/routes/_table.html.erb (0.9ms)
  Rendered vendor/bundle/ruby/2.1.0/gems/actionpack-4.1.5/lib/action_dispatch/middleware/templates/rescues/routing_error.html.erb within rescues/layout (18.5ms)


Started GET "/" for 127.0.0.1 at 2017-06-30 11:28:12 +0200
Processing by Rails::WelcomeController#index as HTML
  Rendered vendor/bundle/ruby/2.1.0/gems/railties-4.1.5/lib/rails/templates/rails/welcome/index.html.erb (2.8ms)
Completed 200 OK in 26ms (Views: 18.5ms | ActiveRecord: 0.0ms)


Started GET "/blogs" for 127.0.0.1 at 2017-06-30 11:28:15 +0200

ActionController::RoutingError (uninitialized constant BlogsController):
  vendor/bundle/ruby/2.1.0/gems/activesupport-4.1.5/lib/active_support/inflector/methods.rb:238:in `const_get'
  vendor/bundle/ruby/2.1.0/gems/activesupport-4.1.5/lib/active_support/inflector/methods.rb:238:in `block in constantize'
  vendor/bundle/ruby/2.1.0/gems/activesupport-4.1.5/lib/active_support/inflector/methods.rb:236:in `each'
  vendor/bundle/ruby/2.1.0/gems/activesupport-4.1.5/lib/active_support/inflector/methods.rb:236:in `inject'
  vendor/bundle/ruby/2.1.0/gems/activesupport-4.1.5/lib/active_support/inflector/methods.rb:236:in `constantize'
  vendor/bundle/ruby/2.1.0/gems/actionpack-4.1.5/lib/action_dispatch/routing/route_set.rb:78:in `controller_reference'
  vendor/bundle/ruby/2.1.0/gems/actionpack-4.1.5/lib/action_dispatch/routing/route_set.rb:68:in `controller'
  vendor/bundle/ruby/2.1.0/gems/actionpack-4.1.5/lib/action_dispatch/routing/route_set.rb:46:in `call'
  vendor/bundle/ruby/2.1.0/gems/actionpack-4.1.5/lib/action_dispatch/journey/router.rb:71:in `block in call'
  vendor/bundle/ruby/2.1.0/gems/actionpack-4.1.5/lib/action_dispatch/journey/router.rb:59:in `each'
  vendor/bundle/ruby/2.1.0/gems/actionpack-4.1.5/lib/action_dispatch/journey/router.rb:59:in `call'
  vendor/bundle/ruby/2.1.0/gems/actionpack-4.1.5/lib/action_dispatch/routing/route_set.rb:678:in `call'
  vendor/bundle/ruby/2.1.0/gems/rack-1.5.5/lib/rack/etag.rb:23:in `call'
  vendor/bundle/ruby/2.1.0/gems/rack-1.5.5/lib/rack/conditionalget.rb:25:in `call'
  vendor/bundle/ruby/2.1.0/gems/rack-1.5.5/lib/rack/head.rb:11:in `call'
  vendor/bundle/ruby/2.1.0/gems/actionpack-4.1.5/lib/action_dispatch/middleware/params_parser.rb:27:in `call'
  vendor/bundle/ruby/2.1.0/gems/actionpack-4.1.5/lib/action_dispatch/middleware/flash.rb:254:in `call'
  vendor/bundle/ruby/2.1.0/gems/rack-1.5.5/lib/rack/session/abstract/id.rb:225:in `context'
  vendor/bundle/ruby/2.1.0/gems/rack-1.5.5/lib/rack/session/abstract/id.rb:220:in `call'
  vendor/bundle/ruby/2.1.0/gems/actionpack-4.1.5/lib/action_dispatch/middleware/cookies.rb:560:in `call'
  vendor/bundle/ruby/2.1.0/gems/activerecord-4.1.5/lib/active_record/query_cache.rb:36:in `call'
  vendor/bundle/ruby/2.1.0/gems/activerecord-4.1.5/lib/active_record/connection_adapters/abstract/connection_pool.rb:621:in `call'
  vendor/bundle/ruby/2.1.0/gems/activerecord-4.1.5/lib/active_record/migration.rb:380:in `call'
  vendor/bundle/ruby/2.1.0/gems/actionpack-4.1.5/lib/action_dispatch/middleware/callbacks.rb:29:in `block in call'
  vendor/bundle/ruby/2.1.0/gems/activesupport-4.1.5/lib/active_support/callbacks.rb:82:in `run_callbacks'
  vendor/bundle/ruby/2.1.0/gems/actionpack-4.1.5/lib/action_dispatch/middleware/callbacks.rb:27:in `call'
  vendor/bundle/ruby/2.1.0/gems/actionpack-4.1.5/lib/action_dispatch/middleware/reloader.rb:73:in `call'
  vendor/bundle/ruby/2.1.0/gems/actionpack-4.1.5/lib/action_dispatch/middleware/remote_ip.rb:76:in `call'
  vendor/bundle/ruby/2.1.0/gems/actionpack-4.1.5/lib/action_dispatch/middleware/debug_exceptions.rb:17:in `call'
  vendor/bundle/ruby/2.1.0/gems/actionpack-4.1.5/lib/action_dispatch/middleware/show_exceptions.rb:30:in `call'
  vendor/bundle/ruby/2.1.0/gems/railties-4.1.5/lib/rails/rack/logger.rb:38:in `call_app'
  vendor/bundle/ruby/2.1.0/gems/railties-4.1.5/lib/rails/rack/logger.rb:20:in `block in call'
  vendor/bundle/ruby/2.1.0/gems/activesupport-4.1.5/lib/active_support/tagged_logging.rb:68:in `block in tagged'
  vendor/bundle/ruby/2.1.0/gems/activesupport-4.1.5/lib/active_support/tagged_logging.rb:26:in `tagged'
  vendor/bundle/ruby/2.1.0/gems/activesupport-4.1.5/lib/active_support/tagged_logging.rb:68:in `tagged'
  vendor/bundle/ruby/2.1.0/gems/railties-4.1.5/lib/rails/rack/logger.rb:20:in `call'
  vendor/bundle/ruby/2.1.0/gems/actionpack-4.1.5/lib/action_dispatch/middleware/request_id.rb:21:in `call'
  vendor/bundle/ruby/2.1.0/gems/rack-1.5.5/lib/rack/methodoverride.rb:21:in `call'
  vendor/bundle/ruby/2.1.0/gems/rack-1.5.5/lib/rack/runtime.rb:17:in `call'
  vendor/bundle/ruby/2.1.0/gems/activesupport-4.1.5/lib/active_support/cache/strategy/local_cache_middleware.rb:26:in `call'
  vendor/bundle/ruby/2.1.0/gems/rack-1.5.5/lib/rack/lock.rb:17:in `call'
  vendor/bundle/ruby/2.1.0/gems/actionpack-4.1.5/lib/action_dispatch/middleware/static.rb:64:in `call'
  vendor/bundle/ruby/2.1.0/gems/rack-1.5.5/lib/rack/sendfile.rb:112:in `call'
  vendor/bundle/ruby/2.1.0/gems/railties-4.1.5/lib/rails/engine.rb:514:in `call'
  vendor/bundle/ruby/2.1.0/gems/railties-4.1.5/lib/rails/application.rb:144:in `call'
  vendor/bundle/ruby/2.1.0/gems/rack-1.5.5/lib/rack/lock.rb:17:in `call'
  vendor/bundle/ruby/2.1.0/gems/rack-1.5.5/lib/rack/content_length.rb:14:in `call'
  vendor/bundle/ruby/2.1.0/gems/rack-1.5.5/lib/rack/handler/webrick.rb:60:in `service'
  /usr/lib/ruby/2.1.0/webrick/httpserver.rb:138:in `service'
  /usr/lib/ruby/2.1.0/webrick/httpserver.rb:94:in `run'
  /usr/lib/ruby/2.1.0/webrick/server.rb:295:in `block in start_thread'


  Rendered vendor/bundle/ruby/2.1.0/gems/actionpack-4.1.5/lib/action_dispatch/middleware/templates/rescues/_trace.html.erb (1.5ms)
  Rendered vendor/bundle/ruby/2.1.0/gems/actionpack-4.1.5/lib/action_dispatch/middleware/templates/routes/_route.html.erb (1.0ms)
  Rendered vendor/bundle/ruby/2.1.0/gems/actionpack-4.1.5/lib/action_dispatch/middleware/templates/routes/_table.html.erb (11.2ms)
  Rendered vendor/bundle/ruby/2.1.0/gems/actionpack-4.1.5/lib/action_dispatch/middleware/templates/rescues/routing_error.html.erb within rescues/layout (33.9ms)


Started GET "/blogs" for 127.0.0.1 at 2017-06-30 11:41:56 +0200

ActionController::RoutingError (uninitialized constant BlogsController):
  vendor/bundle/ruby/2.1.0/gems/activesupport-4.1.5/lib/active_support/inflector/methods.rb:238:in `const_get'
  vendor/bundle/ruby/2.1.0/gems/activesupport-4.1.5/lib/active_support/inflector/methods.rb:238:in `block in constantize'
  vendor/bundle/ruby/2.1.0/gems/activesupport-4.1.5/lib/active_support/inflector/methods.rb:236:in `each'
  vendor/bundle/ruby/2.1.0/gems/activesupport-4.1.5/lib/active_support/inflector/methods.rb:236:in `inject'
  vendor/bundle/ruby/2.1.0/gems/activesupport-4.1.5/lib/active_support/inflector/methods.rb:236:in `constantize'
  vendor/bundle/ruby/2.1.0/gems/actionpack-4.1.5/lib/action_dispatch/routing/route_set.rb:78:in `controller_reference'
  vendor/bundle/ruby/2.1.0/gems/actionpack-4.1.5/lib/action_dispatch/routing/route_set.rb:68:in `controller'
  vendor/bundle/ruby/2.1.0/gems/actionpack-4.1.5/lib/action_dispatch/routing/route_set.rb:46:in `call'
  vendor/bundle/ruby/2.1.0/gems/actionpack-4.1.5/lib/action_dispatch/journey/router.rb:71:in `block in call'
  vendor/bundle/ruby/2.1.0/gems/actionpack-4.1.5/lib/action_dispatch/journey/router.rb:59:in `each'
  vendor/bundle/ruby/2.1.0/gems/actionpack-4.1.5/lib/action_dispatch/journey/router.rb:59:in `call'
  vendor/bundle/ruby/2.1.0/gems/actionpack-4.1.5/lib/action_dispatch/routing/route_set.rb:678:in `call'
  vendor/bundle/ruby/2.1.0/gems/rack-1.5.5/lib/rack/etag.rb:23:in `call'
  vendor/bundle/ruby/2.1.0/gems/rack-1.5.5/lib/rack/conditionalget.rb:25:in `call'
  vendor/bundle/ruby/2.1.0/gems/rack-1.5.5/lib/rack/head.rb:11:in `call'
  vendor/bundle/ruby/2.1.0/gems/actionpack-4.1.5/lib/action_dispatch/middleware/params_parser.rb:27:in `call'
  vendor/bundle/ruby/2.1.0/gems/actionpack-4.1.5/lib/action_dispatch/middleware/flash.rb:254:in `call'
  vendor/bundle/ruby/2.1.0/gems/rack-1.5.5/lib/rack/session/abstract/id.rb:225:in `context'
  vendor/bundle/ruby/2.1.0/gems/rack-1.5.5/lib/rack/session/abstract/id.rb:220:in `call'
  vendor/bundle/ruby/2.1.0/gems/actionpack-4.1.5/lib/action_dispatch/middleware/cookies.rb:560:in `call'
  vendor/bundle/ruby/2.1.0/gems/activerecord-4.1.5/lib/active_record/query_cache.rb:36:in `call'
  vendor/bundle/ruby/2.1.0/gems/activerecord-4.1.5/lib/active_record/connection_adapters/abstract/connection_pool.rb:621:in `call'
  vendor/bundle/ruby/2.1.0/gems/activerecord-4.1.5/lib/active_record/migration.rb:380:in `call'
  vendor/bundle/ruby/2.1.0/gems/actionpack-4.1.5/lib/action_dispatch/middleware/callbacks.rb:29:in `block in call'
  vendor/bundle/ruby/2.1.0/gems/activesupport-4.1.5/lib/active_support/callbacks.rb:82:in `run_callbacks'
  vendor/bundle/ruby/2.1.0/gems/actionpack-4.1.5/lib/action_dispatch/middleware/callbacks.rb:27:in `call'
  vendor/bundle/ruby/2.1.0/gems/actionpack-4.1.5/lib/action_dispatch/middleware/reloader.rb:73:in `call'
  vendor/bundle/ruby/2.1.0/gems/actionpack-4.1.5/lib/action_dispatch/middleware/remote_ip.rb:76:in `call'
  vendor/bundle/ruby/2.1.0/gems/actionpack-4.1.5/lib/action_dispatch/middleware/debug_exceptions.rb:17:in `call'
  vendor/bundle/ruby/2.1.0/gems/actionpack-4.1.5/lib/action_dispatch/middleware/show_exceptions.rb:30:in `call'
  vendor/bundle/ruby/2.1.0/gems/railties-4.1.5/lib/rails/rack/logger.rb:38:in `call_app'
  vendor/bundle/ruby/2.1.0/gems/railties-4.1.5/lib/rails/rack/logger.rb:20:in `block in call'
  vendor/bundle/ruby/2.1.0/gems/activesupport-4.1.5/lib/active_support/tagged_logging.rb:68:in `block in tagged'
  vendor/bundle/ruby/2.1.0/gems/activesupport-4.1.5/lib/active_support/tagged_logging.rb:26:in `tagged'
  vendor/bundle/ruby/2.1.0/gems/activesupport-4.1.5/lib/active_support/tagged_logging.rb:68:in `tagged'
  vendor/bundle/ruby/2.1.0/gems/railties-4.1.5/lib/rails/rack/logger.rb:20:in `call'
  vendor/bundle/ruby/2.1.0/gems/actionpack-4.1.5/lib/action_dispatch/middleware/request_id.rb:21:in `call'
  vendor/bundle/ruby/2.1.0/gems/rack-1.5.5/lib/rack/methodoverride.rb:21:in `call'
  vendor/bundle/ruby/2.1.0/gems/rack-1.5.5/lib/rack/runtime.rb:17:in `call'
  vendor/bundle/ruby/2.1.0/gems/activesupport-4.1.5/lib/active_support/cache/strategy/local_cache_middleware.rb:26:in `call'
  vendor/bundle/ruby/2.1.0/gems/rack-1.5.5/lib/rack/lock.rb:17:in `call'
  vendor/bundle/ruby/2.1.0/gems/actionpack-4.1.5/lib/action_dispatch/middleware/static.rb:64:in `call'
  vendor/bundle/ruby/2.1.0/gems/rack-1.5.5/lib/rack/sendfile.rb:112:in `call'
  vendor/bundle/ruby/2.1.0/gems/railties-4.1.5/lib/rails/engine.rb:514:in `call'
  vendor/bundle/ruby/2.1.0/gems/railties-4.1.5/lib/rails/application.rb:144:in `call'
  vendor/bundle/ruby/2.1.0/gems/rack-1.5.5/lib/rack/lock.rb:17:in `call'
  vendor/bundle/ruby/2.1.0/gems/rack-1.5.5/lib/rack/content_length.rb:14:in `call'
  vendor/bundle/ruby/2.1.0/gems/rack-1.5.5/lib/rack/handler/webrick.rb:60:in `service'
  /usr/lib/ruby/2.1.0/webrick/httpserver.rb:138:in `service'
  /usr/lib/ruby/2.1.0/webrick/httpserver.rb:94:in `run'
  /usr/lib/ruby/2.1.0/webrick/server.rb:295:in `block in start_thread'


  Rendered vendor/bundle/ruby/2.1.0/gems/actionpack-4.1.5/lib/action_dispatch/middleware/templates/rescues/_trace.html.erb (0.8ms)
  Rendered vendor/bundle/ruby/2.1.0/gems/actionpack-4.1.5/lib/action_dispatch/middleware/templates/routes/_route.html.erb (0.9ms)
  Rendered vendor/bundle/ruby/2.1.0/gems/actionpack-4.1.5/lib/action_dispatch/middleware/templates/routes/_table.html.erb (11.9ms)
  Rendered vendor/bundle/ruby/2.1.0/gems/actionpack-4.1.5/lib/action_dispatch/middleware/templates/rescues/routing_error.html.erb within rescues/layout (42.2ms)


Started GET "/blogs" for 127.0.0.1 at 2017-06-30 11:50:14 +0200

ActionController::RoutingError (uninitialized constant BlogsController):
  vendor/bundle/ruby/2.1.0/gems/activesupport-4.1.5/lib/active_support/inflector/methods.rb:238:in `const_get'
  vendor/bundle/ruby/2.1.0/gems/activesupport-4.1.5/lib/active_support/inflector/methods.rb:238:in `block in constantize'
  vendor/bundle/ruby/2.1.0/gems/activesupport-4.1.5/lib/active_support/inflector/methods.rb:236:in `each'
  vendor/bundle/ruby/2.1.0/gems/activesupport-4.1.5/lib/active_support/inflector/methods.rb:236:in `inject'
  vendor/bundle/ruby/2.1.0/gems/activesupport-4.1.5/lib/active_support/inflector/methods.rb:236:in `constantize'
  vendor/bundle/ruby/2.1.0/gems/actionpack-4.1.5/lib/action_dispatch/routing/route_set.rb:78:in `controller_reference'
  vendor/bundle/ruby/2.1.0/gems/actionpack-4.1.5/lib/action_dispatch/routing/route_set.rb:68:in `controller'
  vendor/bundle/ruby/2.1.0/gems/actionpack-4.1.5/lib/action_dispatch/routing/route_set.rb:46:in `call'
  vendor/bundle/ruby/2.1.0/gems/actionpack-4.1.5/lib/action_dispatch/journey/router.rb:71:in `block in call'
  vendor/bundle/ruby/2.1.0/gems/actionpack-4.1.5/lib/action_dispatch/journey/router.rb:59:in `each'
  vendor/bundle/ruby/2.1.0/gems/actionpack-4.1.5/lib/action_dispatch/journey/router.rb:59:in `call'
  vendor/bundle/ruby/2.1.0/gems/actionpack-4.1.5/lib/action_dispatch/routing/route_set.rb:678:in `call'
  vendor/bundle/ruby/2.1.0/gems/rack-1.5.5/lib/rack/etag.rb:23:in `call'
  vendor/bundle/ruby/2.1.0/gems/rack-1.5.5/lib/rack/conditionalget.rb:25:in `call'
  vendor/bundle/ruby/2.1.0/gems/rack-1.5.5/lib/rack/head.rb:11:in `call'
  vendor/bundle/ruby/2.1.0/gems/actionpack-4.1.5/lib/action_dispatch/middleware/params_parser.rb:27:in `call'
  vendor/bundle/ruby/2.1.0/gems/actionpack-4.1.5/lib/action_dispatch/middleware/flash.rb:254:in `call'
  vendor/bundle/ruby/2.1.0/gems/rack-1.5.5/lib/rack/session/abstract/id.rb:225:in `context'
  vendor/bundle/ruby/2.1.0/gems/rack-1.5.5/lib/rack/session/abstract/id.rb:220:in `call'
  vendor/bundle/ruby/2.1.0/gems/actionpack-4.1.5/lib/action_dispatch/middleware/cookies.rb:560:in `call'
  vendor/bundle/ruby/2.1.0/gems/activerecord-4.1.5/lib/active_record/query_cache.rb:36:in `call'
  vendor/bundle/ruby/2.1.0/gems/activerecord-4.1.5/lib/active_record/connection_adapters/abstract/connection_pool.rb:621:in `call'
  vendor/bundle/ruby/2.1.0/gems/activerecord-4.1.5/lib/active_record/migration.rb:380:in `call'
  vendor/bundle/ruby/2.1.0/gems/actionpack-4.1.5/lib/action_dispatch/middleware/callbacks.rb:29:in `block in call'
  vendor/bundle/ruby/2.1.0/gems/activesupport-4.1.5/lib/active_support/callbacks.rb:82:in `run_callbacks'
  vendor/bundle/ruby/2.1.0/gems/actionpack-4.1.5/lib/action_dispatch/middleware/callbacks.rb:27:in `call'
  vendor/bundle/ruby/2.1.0/gems/actionpack-4.1.5/lib/action_dispatch/middleware/reloader.rb:73:in `call'
  vendor/bundle/ruby/2.1.0/gems/actionpack-4.1.5/lib/action_dispatch/middleware/remote_ip.rb:76:in `call'
  vendor/bundle/ruby/2.1.0/gems/actionpack-4.1.5/lib/action_dispatch/middleware/debug_exceptions.rb:17:in `call'
  vendor/bundle/ruby/2.1.0/gems/actionpack-4.1.5/lib/action_dispatch/middleware/show_exceptions.rb:30:in `call'
  vendor/bundle/ruby/2.1.0/gems/railties-4.1.5/lib/rails/rack/logger.rb:38:in `call_app'
  vendor/bundle/ruby/2.1.0/gems/railties-4.1.5/lib/rails/rack/logger.rb:20:in `block in call'
  vendor/bundle/ruby/2.1.0/gems/activesupport-4.1.5/lib/active_support/tagged_logging.rb:68:in `block in tagged'
  vendor/bundle/ruby/2.1.0/gems/activesupport-4.1.5/lib/active_support/tagged_logging.rb:26:in `tagged'
  vendor/bundle/ruby/2.1.0/gems/activesupport-4.1.5/lib/active_support/tagged_logging.rb:68:in `tagged'
  vendor/bundle/ruby/2.1.0/gems/railties-4.1.5/lib/rails/rack/logger.rb:20:in `call'
  vendor/bundle/ruby/2.1.0/gems/actionpack-4.1.5/lib/action_dispatch/middleware/request_id.rb:21:in `call'
  vendor/bundle/ruby/2.1.0/gems/rack-1.5.5/lib/rack/methodoverride.rb:21:in `call'
  vendor/bundle/ruby/2.1.0/gems/rack-1.5.5/lib/rack/runtime.rb:17:in `call'
  vendor/bundle/ruby/2.1.0/gems/activesupport-4.1.5/lib/active_support/cache/strategy/local_cache_middleware.rb:26:in `call'
  vendor/bundle/ruby/2.1.0/gems/rack-1.5.5/lib/rack/lock.rb:17:in `call'
  vendor/bundle/ruby/2.1.0/gems/actionpack-4.1.5/lib/action_dispatch/middleware/static.rb:64:in `call'
  vendor/bundle/ruby/2.1.0/gems/rack-1.5.5/lib/rack/sendfile.rb:112:in `call'
  vendor/bundle/ruby/2.1.0/gems/railties-4.1.5/lib/rails/engine.rb:514:in `call'
  vendor/bundle/ruby/2.1.0/gems/railties-4.1.5/lib/rails/application.rb:144:in `call'
  vendor/bundle/ruby/2.1.0/gems/rack-1.5.5/lib/rack/lock.rb:17:in `call'
  vendor/bundle/ruby/2.1.0/gems/rack-1.5.5/lib/rack/content_length.rb:14:in `call'
  vendor/bundle/ruby/2.1.0/gems/rack-1.5.5/lib/rack/handler/webrick.rb:60:in `service'
  /usr/lib/ruby/2.1.0/webrick/httpserver.rb:138:in `service'
  /usr/lib/ruby/2.1.0/webrick/httpserver.rb:94:in `run'
  /usr/lib/ruby/2.1.0/webrick/server.rb:295:in `block in start_thread'


  Rendered vendor/bundle/ruby/2.1.0/gems/actionpack-4.1.5/lib/action_dispatch/middleware/templates/rescues/_trace.html.erb (0.8ms)
  Rendered vendor/bundle/ruby/2.1.0/gems/actionpack-4.1.5/lib/action_dispatch/middleware/templates/routes/_route.html.erb (0.8ms)
  Rendered vendor/bundle/ruby/2.1.0/gems/actionpack-4.1.5/lib/action_dispatch/middleware/templates/routes/_table.html.erb (0.9ms)
  Rendered vendor/bundle/ruby/2.1.0/gems/actionpack-4.1.5/lib/action_dispatch/middleware/templates/rescues/routing_error.html.erb within rescues/layout (25.8ms)


Started GET "/blogs" for 127.0.0.1 at 2017-06-30 11:50:15 +0200

ActionController::RoutingError (uninitialized constant BlogsController):
  vendor/bundle/ruby/2.1.0/gems/activesupport-4.1.5/lib/active_support/inflector/methods.rb:238:in `const_get'
  vendor/bundle/ruby/2.1.0/gems/activesupport-4.1.5/lib/active_support/inflector/methods.rb:238:in `block in constantize'
  vendor/bundle/ruby/2.1.0/gems/activesupport-4.1.5/lib/active_support/inflector/methods.rb:236:in `each'
  vendor/bundle/ruby/2.1.0/gems/activesupport-4.1.5/lib/active_support/inflector/methods.rb:236:in `inject'
  vendor/bundle/ruby/2.1.0/gems/activesupport-4.1.5/lib/active_support/inflector/methods.rb:236:in `constantize'
  vendor/bundle/ruby/2.1.0/gems/actionpack-4.1.5/lib/action_dispatch/routing/route_set.rb:78:in `controller_reference'
  vendor/bundle/ruby/2.1.0/gems/actionpack-4.1.5/lib/action_dispatch/routing/route_set.rb:68:in `controller'
  vendor/bundle/ruby/2.1.0/gems/actionpack-4.1.5/lib/action_dispatch/routing/route_set.rb:46:in `call'
  vendor/bundle/ruby/2.1.0/gems/actionpack-4.1.5/lib/action_dispatch/journey/router.rb:71:in `block in call'
  vendor/bundle/ruby/2.1.0/gems/actionpack-4.1.5/lib/action_dispatch/journey/router.rb:59:in `each'
  vendor/bundle/ruby/2.1.0/gems/actionpack-4.1.5/lib/action_dispatch/journey/router.rb:59:in `call'
  vendor/bundle/ruby/2.1.0/gems/actionpack-4.1.5/lib/action_dispatch/routing/route_set.rb:678:in `call'
  vendor/bundle/ruby/2.1.0/gems/rack-1.5.5/lib/rack/etag.rb:23:in `call'
  vendor/bundle/ruby/2.1.0/gems/rack-1.5.5/lib/rack/conditionalget.rb:25:in `call'
  vendor/bundle/ruby/2.1.0/gems/rack-1.5.5/lib/rack/head.rb:11:in `call'
  vendor/bundle/ruby/2.1.0/gems/actionpack-4.1.5/lib/action_dispatch/middleware/params_parser.rb:27:in `call'
  vendor/bundle/ruby/2.1.0/gems/actionpack-4.1.5/lib/action_dispatch/middleware/flash.rb:254:in `call'
  vendor/bundle/ruby/2.1.0/gems/rack-1.5.5/lib/rack/session/abstract/id.rb:225:in `context'
  vendor/bundle/ruby/2.1.0/gems/rack-1.5.5/lib/rack/session/abstract/id.rb:220:in `call'
  vendor/bundle/ruby/2.1.0/gems/actionpack-4.1.5/lib/action_dispatch/middleware/cookies.rb:560:in `call'
  vendor/bundle/ruby/2.1.0/gems/activerecord-4.1.5/lib/active_record/query_cache.rb:36:in `call'
  vendor/bundle/ruby/2.1.0/gems/activerecord-4.1.5/lib/active_record/connection_adapters/abstract/connection_pool.rb:621:in `call'
  vendor/bundle/ruby/2.1.0/gems/activerecord-4.1.5/lib/active_record/migration.rb:380:in `call'
  vendor/bundle/ruby/2.1.0/gems/actionpack-4.1.5/lib/action_dispatch/middleware/callbacks.rb:29:in `block in call'
  vendor/bundle/ruby/2.1.0/gems/activesupport-4.1.5/lib/active_support/callbacks.rb:82:in `run_callbacks'
  vendor/bundle/ruby/2.1.0/gems/actionpack-4.1.5/lib/action_dispatch/middleware/callbacks.rb:27:in `call'
  vendor/bundle/ruby/2.1.0/gems/actionpack-4.1.5/lib/action_dispatch/middleware/reloader.rb:73:in `call'
  vendor/bundle/ruby/2.1.0/gems/actionpack-4.1.5/lib/action_dispatch/middleware/remote_ip.rb:76:in `call'
  vendor/bundle/ruby/2.1.0/gems/actionpack-4.1.5/lib/action_dispatch/middleware/debug_exceptions.rb:17:in `call'
  vendor/bundle/ruby/2.1.0/gems/actionpack-4.1.5/lib/action_dispatch/middleware/show_exceptions.rb:30:in `call'
  vendor/bundle/ruby/2.1.0/gems/railties-4.1.5/lib/rails/rack/logger.rb:38:in `call_app'
  vendor/bundle/ruby/2.1.0/gems/railties-4.1.5/lib/rails/rack/logger.rb:20:in `block in call'
  vendor/bundle/ruby/2.1.0/gems/activesupport-4.1.5/lib/active_support/tagged_logging.rb:68:in `block in tagged'
  vendor/bundle/ruby/2.1.0/gems/activesupport-4.1.5/lib/active_support/tagged_logging.rb:26:in `tagged'
  vendor/bundle/ruby/2.1.0/gems/activesupport-4.1.5/lib/active_support/tagged_logging.rb:68:in `tagged'
  vendor/bundle/ruby/2.1.0/gems/railties-4.1.5/lib/rails/rack/logger.rb:20:in `call'
  vendor/bundle/ruby/2.1.0/gems/actionpack-4.1.5/lib/action_dispatch/middleware/request_id.rb:21:in `call'
  vendor/bundle/ruby/2.1.0/gems/rack-1.5.5/lib/rack/methodoverride.rb:21:in `call'
  vendor/bundle/ruby/2.1.0/gems/rack-1.5.5/lib/rack/runtime.rb:17:in `call'
  vendor/bundle/ruby/2.1.0/gems/activesupport-4.1.5/lib/active_support/cache/strategy/local_cache_middleware.rb:26:in `call'
  vendor/bundle/ruby/2.1.0/gems/rack-1.5.5/lib/rack/lock.rb:17:in `call'
  vendor/bundle/ruby/2.1.0/gems/actionpack-4.1.5/lib/action_dispatch/middleware/static.rb:64:in `call'
  vendor/bundle/ruby/2.1.0/gems/rack-1.5.5/lib/rack/sendfile.rb:112:in `call'
  vendor/bundle/ruby/2.1.0/gems/railties-4.1.5/lib/rails/engine.rb:514:in `call'
  vendor/bundle/ruby/2.1.0/gems/railties-4.1.5/lib/rails/application.rb:144:in `call'
  vendor/bundle/ruby/2.1.0/gems/rack-1.5.5/lib/rack/lock.rb:17:in `call'
  vendor/bundle/ruby/2.1.0/gems/rack-1.5.5/lib/rack/content_length.rb:14:in `call'
  vendor/bundle/ruby/2.1.0/gems/rack-1.5.5/lib/rack/handler/webrick.rb:60:in `service'
  /usr/lib/ruby/2.1.0/webrick/httpserver.rb:138:in `service'
  /usr/lib/ruby/2.1.0/webrick/httpserver.rb:94:in `run'
  /usr/lib/ruby/2.1.0/webrick/server.rb:295:in `block in start_thread'


  Rendered vendor/bundle/ruby/2.1.0/gems/actionpack-4.1.5/lib/action_dispatch/middleware/templates/rescues/_trace.html.erb (0.8ms)
  Rendered vendor/bundle/ruby/2.1.0/gems/actionpack-4.1.5/lib/action_dispatch/middleware/templates/routes/_route.html.erb (0.9ms)
  Rendered vendor/bundle/ruby/2.1.0/gems/actionpack-4.1.5/lib/action_dispatch/middleware/templates/routes/_table.html.erb (0.9ms)
  Rendered vendor/bundle/ruby/2.1.0/gems/actionpack-4.1.5/lib/action_dispatch/middleware/templates/rescues/routing_error.html.erb within rescues/layout (20.1ms)


Started GET "/blogs" for 127.0.0.1 at 2017-06-30 11:55:48 +0200
Processing by BlogsController#index as HTML
  Rendered blogs/index.html.erb within layouts/application (5.2ms)
Completed 500 Internal Server Error in 60ms

ActionView::Template::Error (undefined method `each' for nil:NilClass):
    1: <h1>Hello World</h1>
    2: <ul>
    3: 	<% @blogs.each do |blog| %>
    4: 		<li>
    5: 			<%= link_to [:blog] do %>
    6: 				<%= blog.titre %><br/>
  app/views/blogs/index.html.erb:3:in `_app_views_blogs_index_html_erb__3473015248201344296_38256920'


  Rendered vendor/bundle/ruby/2.1.0/gems/actionpack-4.1.5/lib/action_dispatch/middleware/templates/rescues/_trace.html.erb (0.9ms)
  Rendered vendor/bundle/ruby/2.1.0/gems/actionpack-4.1.5/lib/action_dispatch/middleware/templates/rescues/_request_and_response.html.erb (0.8ms)
  Rendered vendor/bundle/ruby/2.1.0/gems/actionpack-4.1.5/lib/action_dispatch/middleware/templates/rescues/template_error.html.erb within rescues/layout (175.2ms)


Started GET "/blogs" for 127.0.0.1 at 2017-06-30 11:56:42 +0200
Processing by BlogsController#index as HTML
  Rendered blogs/index.html.erb within layouts/application (0.0ms)
Completed 200 OK in 349ms (Views: 348.9ms | ActiveRecord: 0.0ms)


Started GET "/assets/application.css?body=1" for 127.0.0.1 at 2017-06-30 11:56:42 +0200


Started GET "/assets/jquery_ujs.js?body=1" for 127.0.0.1 at 2017-06-30 11:56:42 +0200


Started GET "/assets/jquery.js?body=1" for 127.0.0.1 at 2017-06-30 11:56:42 +0200


Started GET "/assets/turbolinks.js?body=1" for 127.0.0.1 at 2017-06-30 11:56:42 +0200


Started GET "/assets/application.js?body=1" for 127.0.0.1 at 2017-06-30 11:56:42 +0200
